Traceback (most recent call last):
  File "C:\Users\sacha\anaconda3\envs\game\lib\site-packages\jupyter_cache\executors\utils.py", line 58, in single_nb_execution
    executenb(
  File "C:\Users\sacha\AppData\Roaming\Python\Python310\site-packages\nbclient\client.py", line 1265, in execute
    return NotebookClient(nb=nb, resources=resources, km=km, **kwargs).execute()
  File "C:\Users\sacha\AppData\Roaming\Python\Python310\site-packages\jupyter_core\utils\__init__.py", line 160, in wrapped
    return loop.run_until_complete(inner)
  File "C:\Users\sacha\anaconda3\envs\game\lib\asyncio\base_events.py", line 649, in run_until_complete
    return future.result()
  File "C:\Users\sacha\AppData\Roaming\Python\Python310\site-packages\nbclient\client.py", line 703, in async_execute
    await self.async_execute_cell(
  File "C:\Users\sacha\AppData\Roaming\Python\Python310\site-packages\nbclient\client.py", line 1021, in async_execute_cell
    await self._check_raise_for_error(cell, cell_index, exec_reply)
  File "C:\Users\sacha\AppData\Roaming\Python\Python310\site-packages\nbclient\client.py", line 915, in _check_raise_for_error
    raise CellExecutionError.from_cell_and_msg(cell, exec_reply_content)
nbclient.exceptions.CellExecutionError: An error occurred while executing the following cell:
------------------
# ============================================================
# Plot Results
# ============================================================
plt.figure(figsize=(8, 5))
plt.semilogx(R2_values, Vout_values, lw=2)
plt.grid(True, which="both", ls="--", alpha=0.6)
plt.title("Voltage Divider Output vs R2 (Logarithmic Sweep)")
plt.xlabel("RL (Ω)")
plt.ylabel("Vout (V)")
plt.show()
------------------

[1;31m---------------------------------------------------------------------------[0m
[1;31mNameError[0m                                 Traceback (most recent call last)
Cell [1;32mIn[9], line 5[0m
[0;32m      1[0m [38;5;66;03m# ============================================================[39;00m
[0;32m      2[0m [38;5;66;03m# Plot Results[39;00m
[0;32m      3[0m [38;5;66;03m# ============================================================[39;00m
[0;32m      4[0m plt[38;5;241m.[39mfigure(figsize[38;5;241m=[39m([38;5;241m8[39m, [38;5;241m5[39m))
[1;32m----> 5[0m plt[38;5;241m.[39msemilogx(R2_values, Vout_values, lw[38;5;241m=[39m[38;5;241m2[39m)
[0;32m      6[0m plt[38;5;241m.[39mgrid([38;5;28;01mTrue[39;00m, which[38;5;241m=[39m[38;5;124m"[39m[38;5;124mboth[39m[38;5;124m"[39m, ls[38;5;241m=[39m[38;5;124m"[39m[38;5;124m--[39m[38;5;124m"[39m, alpha[38;5;241m=[39m[38;5;241m0.6[39m)
[0;32m      7[0m plt[38;5;241m.[39mtitle([38;5;124m"[39m[38;5;124mVoltage Divider Output vs R2 (Logarithmic Sweep)[39m[38;5;124m"[39m)

[1;31mNameError[0m: name 'R2_values' is not defined
NameError: name 'R2_values' is not defined

